<mule xmlns="http://www.mulesoft.org/schema/mule/core"
      xmlns:xsi="http://www.w3.org/2001/XMLSchema-instance"
      xmlns:redis="http://www.mulesoft.org/schema/mule/redis"
      xsi:schemaLocation="http://www.mulesoft.org/schema/mule/core http://www.mulesoft.org/schema/mule/core/current/mule.xsd
          http://www.mulesoft.org/schema/mule/redis http://www.mulesoft.org/schema/mule/redis/current/mule-redis.xsd">

    <redis:config name="config" configId="configId">
        <redis:connection requiredParameter="aValue" />
    </redis:config>

    <flow name="sayHiFlow">
        <redis:say-hi person="Mariano Gonzalez"/>
    </flow>

    <flow name="retrieveInfoFlow">
        <redis:retrieve-info config-ref="config"/>
    </flow>

</mule>
